This file contains any messages produced by compilers while
running configure, to aid debugging if configure makes a mistake.

It was created by libxc configure 2.2.2, which was
generated by GNU Autoconf 2.69.  Invocation command line was

  $ ./configure 

## --------- ##
## Platform. ##
## --------- ##

hostname = openkim-vm
uname -m = x86_64
uname -r = 3.2.0-48-virtual
uname -s = Linux
uname -v = #74-Ubuntu SMP Thu Jun 6 20:02:55 UTC 2013

/usr/bin/uname -p = unknown
/bin/uname -X     = unknown

/bin/arch              = unknown
/usr/bin/arch -k       = unknown
/usr/convex/getsysinfo = unknown
/usr/bin/hostinfo      = unknown
/bin/machine           = unknown
/usr/bin/oslevel       = unknown
/bin/universe          = unknown

PATH: /home/openkim/bin
PATH: /home/openkim/bin/ase/tools
PATH: /home/openkim/bin
PATH: /home/openkim/openkim-pipeline/tools
PATH: /home/openkim/kim-api-install/bin
PATH: /usr/local/sbin
PATH: /usr/local/bin
PATH: /usr/sbin
PATH: /usr/bin
PATH: /sbin
PATH: /bin
PATH: /usr/games
PATH: /usr/lib/jvm/java-8-oracle/bin
PATH: /usr/lib/jvm/java-8-oracle/db/bin
PATH: /usr/lib/jvm/java-8-oracle/jre/bin
PATH: /opt/vagrant_ruby/bin


## ----------- ##
## Core tests. ##
## ----------- ##

configure:2556: checking for a BSD-compatible install
configure:2624: result: /usr/bin/install -c
configure:2635: checking whether build environment is sane
configure:2690: result: yes
configure:2841: checking for a thread-safe mkdir -p
configure:2880: result: /bin/mkdir -p
configure:2887: checking for gawk
configure:2917: result: no
configure:2887: checking for mawk
configure:2903: found /usr/bin/mawk
configure:2914: result: mawk
configure:2925: checking whether make sets $(MAKE)
configure:2947: result: yes
configure:2976: checking whether make supports nested variables
configure:2993: result: yes
configure:3121: checking for a sed that does not truncate output
configure:3198: result: /bin/sed
configure:3273: checking build system type
configure:3287: result: x86_64-unknown-linux-gnu
configure:3307: checking host system type
configure:3320: result: x86_64-unknown-linux-gnu
configure:3361: checking how to print strings
configure:3388: result: printf
configure:3421: checking for style of include used by make
configure:3449: result: GNU
configure:3520: checking for gcc
configure:3536: found /usr/bin/gcc
configure:3547: result: gcc
configure:3776: checking for C compiler version
configure:3785: gcc --version >&5
gcc (Ubuntu 4.8.1-2ubuntu1~12.04) 4.8.1
Copyright (C) 2013 Free Software Foundation, Inc.
This is free software; see the source for copying conditions.  There is NO
warranty; not even for MERCHANTABILITY or FITNESS FOR A PARTICULAR PURPOSE.

configure:3796: $? = 0
configure:3785: gcc -v >&5
Using built-in specs.
COLLECT_GCC=gcc
COLLECT_LTO_WRAPPER=/usr/lib/gcc/x86_64-linux-gnu/4.8/lto-wrapper
Target: x86_64-linux-gnu
Configured with: ../src/configure -v --with-pkgversion='Ubuntu 4.8.1-2ubuntu1~12.04' --with-bugurl=file:///usr/share/doc/gcc-4.8/README.Bugs --enable-languages=c,c++,java,go,d,fortran,objc,obj-c++ --prefix=/usr --program-suffix=-4.8 --enable-shared --enable-linker-build-id --libexecdir=/usr/lib --without-included-gettext --enable-threads=posix --with-gxx-include-dir=/usr/include/c++/4.8 --libdir=/usr/lib --enable-nls --with-sysroot=/ --enable-clocale=gnu --enable-libstdcxx-debug --enable-libstdcxx-time=yes --enable-gnu-unique-object --enable-plugin --with-system-zlib --disable-browser-plugin --enable-java-awt=gtk --enable-gtk-cairo --with-java-home=/usr/lib/jvm/java-1.5.0-gcj-4.8-amd64/jre --enable-java-home --with-jvm-root-dir=/usr/lib/jvm/java-1.5.0-gcj-4.8-amd64 --with-jvm-jar-dir=/usr/lib/jvm-exports/java-1.5.0-gcj-4.8-amd64 --with-arch-directory=amd64 --with-ecj-jar=/usr/share/java/eclipse-ecj.jar --enable-objc-gc --enable-multiarch --disable-werror --with-arch-32=i686 --with-abi=m64 --with-multilib-list=m32,m64 --with-tune=generic --enable-checking=release --build=x86_64-linux-gnu --host=x86_64-linux-gnu --target=x86_64-linux-gnu
Thread model: posix
gcc version 4.8.1 (Ubuntu 4.8.1-2ubuntu1~12.04) 
configure:3796: $? = 0
configure:3785: gcc -V >&5
gcc: error: unrecognized command line option '-V'
gcc: fatal error: no input files
compilation terminated.
configure:3796: $? = 4
configure:3785: gcc -qversion >&5
gcc: error: unrecognized command line option '-qversion'
gcc: fatal error: no input files
compilation terminated.
configure:3796: $? = 4
configure:3816: checking whether the C compiler works
configure:3838: gcc    conftest.c  >&5
configure:3842: $? = 0
configure:3890: result: yes
configure:3893: checking for C compiler default output file name
configure:3895: result: a.out
configure:3901: checking for suffix of executables
configure:3908: gcc -o conftest    conftest.c  >&5
configure:3912: $? = 0
configure:3934: result: 
configure:3956: checking whether we are cross compiling
configure:3964: gcc -o conftest    conftest.c  >&5
configure:3968: $? = 0
configure:3975: ./conftest
configure:3979: $? = 0
configure:3994: result: no
configure:3999: checking for suffix of object files
configure:4021: gcc -c   conftest.c >&5
configure:4025: $? = 0
configure:4046: result: o
configure:4050: checking whether we are using the GNU C compiler
configure:4069: gcc -c   conftest.c >&5
configure:4069: $? = 0
configure:4078: result: yes
configure:4087: checking whether gcc accepts -g
configure:4107: gcc -c -g  conftest.c >&5
configure:4107: $? = 0
configure:4148: result: yes
configure:4165: checking for gcc option to accept ISO C89
configure:4228: gcc  -c -g -O2  conftest.c >&5
configure:4228: $? = 0
configure:4241: result: none needed
configure:4263: checking dependency style of gcc
configure:4374: result: gcc3
configure:4389: checking for a sed that does not truncate output
configure:4466: result: /bin/sed
configure:4484: checking for grep that handles long lines and -e
configure:4543: result: /bin/grep
configure:4548: checking for egrep
configure:4611: result: /bin/grep -E
configure:4616: checking for fgrep
configure:4679: result: /bin/grep -F
configure:4714: checking for ld used by gcc
configure:4781: result: /usr/bin/ld
configure:4788: checking if the linker (/usr/bin/ld) is GNU ld
configure:4803: result: yes
configure:4815: checking for BSD- or MS-compatible name lister (nm)
configure:4864: result: /usr/bin/nm -B
configure:4994: checking the name lister (/usr/bin/nm -B) interface
configure:5001: gcc -c -g -O2  conftest.c >&5
configure:5004: /usr/bin/nm -B "conftest.o"
configure:5007: output
0000000000000000 B some_variable
configure:5014: result: BSD nm
configure:5017: checking whether ln -s works
configure:5021: result: yes
configure:5029: checking the maximum length of command line arguments
configure:5159: result: 1572864
configure:5176: checking whether the shell understands some XSI constructs
configure:5186: result: yes
configure:5190: checking whether the shell understands "+="
configure:5196: result: yes
configure:5231: checking how to convert x86_64-unknown-linux-gnu file names to x86_64-unknown-linux-gnu format
configure:5271: result: func_convert_file_noop
configure:5278: checking how to convert x86_64-unknown-linux-gnu file names to toolchain format
configure:5298: result: func_convert_file_noop
configure:5305: checking for /usr/bin/ld option to reload object files
configure:5312: result: -r
configure:5386: checking for objdump
configure:5402: found /usr/bin/objdump
configure:5413: result: objdump
configure:5445: checking how to recognize dependent libraries
configure:5647: result: pass_all
configure:5732: checking for dlltool
configure:5762: result: no
configure:5792: checking how to associate runtime and link libraries
configure:5819: result: printf %s\n
configure:5880: checking for ar
configure:5896: found /usr/bin/ar
configure:5907: result: ar
configure:5944: checking for archiver @FILE support
configure:5961: gcc -c -g -O2  conftest.c >&5
configure:5961: $? = 0
configure:5964: ar cru libconftest.a @conftest.lst >&5
configure:5967: $? = 0
configure:5972: ar cru libconftest.a @conftest.lst >&5
ar: conftest.o: No such file or directory
configure:5975: $? = 1
configure:5987: result: @
configure:6045: checking for strip
configure:6061: found /usr/bin/strip
configure:6072: result: strip
configure:6144: checking for ranlib
configure:6160: found /usr/bin/ranlib
configure:6171: result: ranlib
configure:6273: checking command to parse /usr/bin/nm -B output from gcc object
configure:6393: gcc -c -g -O2  conftest.c >&5
configure:6396: $? = 0
configure:6400: /usr/bin/nm -B conftest.o \| sed -n -e 's/^.*[ ]\([ABCDGIRSTW][ABCDGIRSTW]*\)[ ][ ]*\([_A-Za-z][_A-Za-z0-9]*\)$/\1 \2 \2/p' | sed '/ __gnu_lto/d' \> conftest.nm
configure:6403: $? = 0
configure:6469: gcc -o conftest -g -O2   conftest.c conftstm.o >&5
configure:6472: $? = 0
configure:6510: result: ok
configure:6547: checking for sysroot
configure:6577: result: no
configure:6654: gcc -c -g -O2  conftest.c >&5
configure:6657: $? = 0
configure:6839: checking for mt
configure:6855: found /bin/mt
configure:6866: result: mt
configure:6889: checking if mt is a manifest tool
configure:6895: mt '-?'
configure:6903: result: no
configure:7545: checking how to run the C preprocessor
configure:7576: gcc -E  conftest.c
configure:7576: $? = 0
configure:7590: gcc -E  conftest.c
conftest.c:11:28: fatal error: ac_nonexistent.h: No such file or directory
 #include <ac_nonexistent.h>
                            ^
compilation terminated.
configure:7590: $? = 1
configure: failed program was:
| /* confdefs.h */
| #define PACKAGE_NAME "libxc"
| #define PACKAGE_TARNAME "libxc"
| #define PACKAGE_VERSION "2.2.2"
| #define PACKAGE_STRING "libxc 2.2.2"
| #define PACKAGE_BUGREPORT "libxc@tddft.org"
| #define PACKAGE_URL "http://www.tddft.org/programs/Libxc"
| #define PACKAGE "libxc"
| #define VERSION "2.2.2"
| /* end confdefs.h.  */
| #include <ac_nonexistent.h>
configure:7615: result: gcc -E
configure:7635: gcc -E  conftest.c
configure:7635: $? = 0
configure:7649: gcc -E  conftest.c
conftest.c:11:28: fatal error: ac_nonexistent.h: No such file or directory
 #include <ac_nonexistent.h>
                            ^
compilation terminated.
configure:7649: $? = 1
configure: failed program was:
| /* confdefs.h */
| #define PACKAGE_NAME "libxc"
| #define PACKAGE_TARNAME "libxc"
| #define PACKAGE_VERSION "2.2.2"
| #define PACKAGE_STRING "libxc 2.2.2"
| #define PACKAGE_BUGREPORT "libxc@tddft.org"
| #define PACKAGE_URL "http://www.tddft.org/programs/Libxc"
| #define PACKAGE "libxc"
| #define VERSION "2.2.2"
| /* end confdefs.h.  */
| #include <ac_nonexistent.h>
configure:7678: checking for ANSI C header files
configure:7698: gcc -c -g -O2  conftest.c >&5
configure:7698: $? = 0
configure:7771: gcc -o conftest -g -O2   conftest.c  >&5
configure:7771: $? = 0
configure:7771: ./conftest
configure:7771: $? = 0
configure:7782: result: yes
configure:7795: checking for sys/types.h
configure:7795: gcc -c -g -O2  conftest.c >&5
configure:7795: $? = 0
configure:7795: result: yes
configure:7795: checking for sys/stat.h
configure:7795: gcc -c -g -O2  conftest.c >&5
configure:7795: $? = 0
configure:7795: result: yes
configure:7795: checking for stdlib.h
configure:7795: gcc -c -g -O2  conftest.c >&5
configure:7795: $? = 0
configure:7795: result: yes
configure:7795: checking for string.h
configure:7795: gcc -c -g -O2  conftest.c >&5
configure:7795: $? = 0
configure:7795: result: yes
configure:7795: checking for memory.h
configure:7795: gcc -c -g -O2  conftest.c >&5
configure:7795: $? = 0
configure:7795: result: yes
configure:7795: checking for strings.h
configure:7795: gcc -c -g -O2  conftest.c >&5
configure:7795: $? = 0
configure:7795: result: yes
configure:7795: checking for inttypes.h
configure:7795: gcc -c -g -O2  conftest.c >&5
configure:7795: $? = 0
configure:7795: result: yes
configure:7795: checking for stdint.h
configure:7795: gcc -c -g -O2  conftest.c >&5
configure:7795: $? = 0
configure:7795: result: yes
configure:7795: checking for unistd.h
configure:7795: gcc -c -g -O2  conftest.c >&5
configure:7795: $? = 0
configure:7795: result: yes
configure:7809: checking for dlfcn.h
configure:7809: gcc -c -g -O2  conftest.c >&5
configure:7809: $? = 0
configure:7809: result: yes
configure:7985: checking for objdir
configure:8000: result: .libs
configure:8271: checking if gcc supports -fno-rtti -fno-exceptions
configure:8289: gcc -c -g -O2  -fno-rtti -fno-exceptions conftest.c >&5
cc1: warning: command line option '-fno-rtti' is valid for C++/ObjC++ but not for C [enabled by default]
configure:8293: $? = 0
configure:8306: result: no
configure:8633: checking for gcc option to produce PIC
configure:8640: result: -fPIC -DPIC
configure:8648: checking if gcc PIC flag -fPIC -DPIC works
configure:8666: gcc -c -g -O2  -fPIC -DPIC -DPIC conftest.c >&5
configure:8670: $? = 0
configure:8683: result: yes
configure:8712: checking if gcc static flag -static works
configure:8740: result: yes
configure:8755: checking if gcc supports -c -o file.o
configure:8776: gcc -c -g -O2  -o out/conftest2.o conftest.c >&5
configure:8780: $? = 0
configure:8802: result: yes
configure:8810: checking if gcc supports -c -o file.o
configure:8857: result: yes
configure:8890: checking whether the gcc linker (/usr/bin/ld -m elf_x86_64) supports shared libraries
configure:10043: result: yes
configure:10283: checking dynamic linker characteristics
configure:10794: gcc -o conftest -g -O2   -Wl,-rpath -Wl,/foo conftest.c  >&5
configure:10794: $? = 0
configure:11020: result: GNU/Linux ld.so
configure:11127: checking how to hardcode library paths into programs
configure:11152: result: immediate
configure:11692: checking whether stripping libraries is possible
configure:11697: result: yes
configure:11732: checking if libtool supports shared libraries
configure:11734: result: yes
configure:11737: checking whether to build shared libraries
configure:11758: result: no
configure:11761: checking whether to build static libraries
configure:11765: result: yes
configure:11852: checking for gcc
configure:11879: result: gcc
configure:12108: checking for C compiler version
configure:12117: gcc --version >&5
gcc (Ubuntu 4.8.1-2ubuntu1~12.04) 4.8.1
Copyright (C) 2013 Free Software Foundation, Inc.
This is free software; see the source for copying conditions.  There is NO
warranty; not even for MERCHANTABILITY or FITNESS FOR A PARTICULAR PURPOSE.

configure:12128: $? = 0
configure:12117: gcc -v >&5
Using built-in specs.
COLLECT_GCC=gcc
COLLECT_LTO_WRAPPER=/usr/lib/gcc/x86_64-linux-gnu/4.8/lto-wrapper
Target: x86_64-linux-gnu
Configured with: ../src/configure -v --with-pkgversion='Ubuntu 4.8.1-2ubuntu1~12.04' --with-bugurl=file:///usr/share/doc/gcc-4.8/README.Bugs --enable-languages=c,c++,java,go,d,fortran,objc,obj-c++ --prefix=/usr --program-suffix=-4.8 --enable-shared --enable-linker-build-id --libexecdir=/usr/lib --without-included-gettext --enable-threads=posix --with-gxx-include-dir=/usr/include/c++/4.8 --libdir=/usr/lib --enable-nls --with-sysroot=/ --enable-clocale=gnu --enable-libstdcxx-debug --enable-libstdcxx-time=yes --enable-gnu-unique-object --enable-plugin --with-system-zlib --disable-browser-plugin --enable-java-awt=gtk --enable-gtk-cairo --with-java-home=/usr/lib/jvm/java-1.5.0-gcj-4.8-amd64/jre --enable-java-home --with-jvm-root-dir=/usr/lib/jvm/java-1.5.0-gcj-4.8-amd64 --with-jvm-jar-dir=/usr/lib/jvm-exports/java-1.5.0-gcj-4.8-amd64 --with-arch-directory=amd64 --with-ecj-jar=/usr/share/java/eclipse-ecj.jar --enable-objc-gc --enable-multiarch --disable-werror --with-arch-32=i686 --with-abi=m64 --with-multilib-list=m32,m64 --with-tune=generic --enable-checking=release --build=x86_64-linux-gnu --host=x86_64-linux-gnu --target=x86_64-linux-gnu
Thread model: posix
gcc version 4.8.1 (Ubuntu 4.8.1-2ubuntu1~12.04) 
configure:12128: $? = 0
configure:12117: gcc -V >&5
gcc: error: unrecognized command line option '-V'
gcc: fatal error: no input files
compilation terminated.
configure:12128: $? = 4
configure:12117: gcc -qversion >&5
gcc: error: unrecognized command line option '-qversion'
gcc: fatal error: no input files
compilation terminated.
configure:12128: $? = 4
configure:12132: checking whether we are using the GNU C compiler
configure:12160: result: yes
configure:12169: checking whether gcc accepts -g
configure:12230: result: yes
configure:12247: checking for gcc option to accept ISO C89
configure:12323: result: none needed
configure:12345: checking dependency style of gcc
configure:12456: result: gcc3
configure:12473: checking whether gcc and cc understand -c and -o together
configure:12504: gcc -c conftest.c -o conftest2.o >&5
configure:12508: $? = 0
configure:12514: gcc -c conftest.c -o conftest2.o >&5
configure:12518: $? = 0
configure:12529: cc -c conftest.c >&5
configure:12533: $? = 0
configure:12541: cc -c conftest.c -o conftest2.o >&5
configure:12545: $? = 0
configure:12551: cc -c conftest.c -o conftest2.o >&5
configure:12555: $? = 0
configure:12573: result: yes
configure:12598: checking for inline
configure:12614: gcc -c -g -O2  conftest.c >&5
configure:12614: $? = 0
configure:12622: result: inline
configure:12642: checking for ANSI C header files
configure:12746: result: yes
configure:12754: checking for size_t
configure:12754: gcc -c -g -O2  conftest.c >&5
configure:12754: $? = 0
configure:12754: gcc -c -g -O2  conftest.c >&5
conftest.c: In function 'main':
conftest.c:60:21: error: expected expression before ')' token
 if (sizeof ((size_t)))
                     ^
configure:12754: $? = 1
configure: failed program was:
| /* confdefs.h */
| #define PACKAGE_NAME "libxc"
| #define PACKAGE_TARNAME "libxc"
| #define PACKAGE_VERSION "2.2.2"
| #define PACKAGE_STRING "libxc 2.2.2"
| #define PACKAGE_BUGREPORT "libxc@tddft.org"
| #define PACKAGE_URL "http://www.tddft.org/programs/Libxc"
| #define PACKAGE "libxc"
| #define VERSION "2.2.2"
| #define STDC_HEADERS 1
| #define HAVE_SYS_TYPES_H 1
| #define HAVE_SYS_STAT_H 1
| #define HAVE_STDLIB_H 1
| #define HAVE_STRING_H 1
| #define HAVE_MEMORY_H 1
| #define HAVE_STRINGS_H 1
| #define HAVE_INTTYPES_H 1
| #define HAVE_STDINT_H 1
| #define HAVE_UNISTD_H 1
| #define HAVE_DLFCN_H 1
| #define LT_OBJDIR ".libs/"
| #define STDC_HEADERS 1
| /* end confdefs.h.  */
| #include <stdio.h>
| #ifdef HAVE_SYS_TYPES_H
| # include <sys/types.h>
| #endif
| #ifdef HAVE_SYS_STAT_H
| # include <sys/stat.h>
| #endif
| #ifdef STDC_HEADERS
| # include <stdlib.h>
| # include <stddef.h>
| #else
| # ifdef HAVE_STDLIB_H
| #  include <stdlib.h>
| # endif
| #endif
| #ifdef HAVE_STRING_H
| # if !defined STDC_HEADERS && defined HAVE_MEMORY_H
| #  include <memory.h>
| # endif
| # include <string.h>
| #endif
| #ifdef HAVE_STRINGS_H
| # include <strings.h>
| #endif
| #ifdef HAVE_INTTYPES_H
| # include <inttypes.h>
| #endif
| #ifdef HAVE_STDINT_H
| # include <stdint.h>
| #endif
| #ifdef HAVE_UNISTD_H
| # include <unistd.h>
| #endif
| int
| main ()
| {
| if (sizeof ((size_t)))
| 	    return 0;
|   ;
|   return 0;
| }
configure:12754: result: yes
configure:12767: checking for working alloca.h
configure:12784: gcc -o conftest -g -O2   conftest.c  >&5
configure:12784: $? = 0
configure:12792: result: yes
configure:12800: checking for alloca
configure:12837: gcc -o conftest -g -O2   conftest.c  >&5
configure:12837: $? = 0
configure:12845: result: yes
configure:12957: checking size of void*
configure:12962: gcc -o conftest -g -O2   conftest.c  >&5
configure:12962: $? = 0
configure:12962: ./conftest
configure:12962: $? = 0
configure:12976: result: 8
configure:12988: checking for sqrtf in -lm
configure:13013: gcc -o conftest -g -O2   conftest.c -lm   >&5
conftest.c:34:6: warning: conflicting types for built-in function 'sqrtf' [enabled by default]
 char sqrtf ();
      ^
configure:13013: $? = 0
configure:13022: result: yes
configure:13030: checking for cbrt in -lm
configure:13055: gcc -o conftest -g -O2   conftest.c -lm   >&5
conftest.c:35:6: warning: conflicting types for built-in function 'cbrt' [enabled by default]
 char cbrt ();
      ^
configure:13055: $? = 0
configure:13064: result: yes
configure:13072: checking for cbrtf in -lm
configure:13097: gcc -o conftest -g -O2   conftest.c -lm   >&5
conftest.c:36:6: warning: conflicting types for built-in function 'cbrtf' [enabled by default]
 char cbrtf ();
      ^
configure:13097: $? = 0
configure:13106: result: yes
configure:13114: checking for feenableexcept in -lm
configure:13139: gcc -o conftest -g -O2   conftest.c -lm   >&5
configure:13139: $? = 0
configure:13148: result: yes
configure:13233: checking for xlf90
configure:13263: result: no
configure:13233: checking for f90
configure:13263: result: no
configure:13233: checking for pgf90
configure:13263: result: no
configure:13233: checking for pghpf
configure:13263: result: no
configure:13233: checking for epcf90
configure:13263: result: no
configure:13233: checking for gfortran
configure:13249: found /usr/bin/gfortran
configure:13260: result: gfortran
configure:13286: checking for Fortran compiler version
configure:13295: gfortran --version >&5
GNU Fortran (Ubuntu 4.8.1-2ubuntu1~12.04) 4.8.1
Copyright (C) 2013 Free Software Foundation, Inc.

GNU Fortran comes with NO WARRANTY, to the extent permitted by law.
You may redistribute copies of GNU Fortran
under the terms of the GNU General Public License.
For more information about these matters, see the file named COPYING

configure:13306: $? = 0
configure:13295: gfortran -v >&5
Using built-in specs.
COLLECT_GCC=gfortran
COLLECT_LTO_WRAPPER=/usr/lib/gcc/x86_64-linux-gnu/4.8/lto-wrapper
Target: x86_64-linux-gnu
Configured with: ../src/configure -v --with-pkgversion='Ubuntu 4.8.1-2ubuntu1~12.04' --with-bugurl=file:///usr/share/doc/gcc-4.8/README.Bugs --enable-languages=c,c++,java,go,d,fortran,objc,obj-c++ --prefix=/usr --program-suffix=-4.8 --enable-shared --enable-linker-build-id --libexecdir=/usr/lib --without-included-gettext --enable-threads=posix --with-gxx-include-dir=/usr/include/c++/4.8 --libdir=/usr/lib --enable-nls --with-sysroot=/ --enable-clocale=gnu --enable-libstdcxx-debug --enable-libstdcxx-time=yes --enable-gnu-unique-object --enable-plugin --with-system-zlib --disable-browser-plugin --enable-java-awt=gtk --enable-gtk-cairo --with-java-home=/usr/lib/jvm/java-1.5.0-gcj-4.8-amd64/jre --enable-java-home --with-jvm-root-dir=/usr/lib/jvm/java-1.5.0-gcj-4.8-amd64 --with-jvm-jar-dir=/usr/lib/jvm-exports/java-1.5.0-gcj-4.8-amd64 --with-arch-directory=amd64 --with-ecj-jar=/usr/share/java/eclipse-ecj.jar --enable-objc-gc --enable-multiarch --disable-werror --with-arch-32=i686 --with-abi=m64 --with-multilib-list=m32,m64 --with-tune=generic --enable-checking=release --build=x86_64-linux-gnu --host=x86_64-linux-gnu --target=x86_64-linux-gnu
Thread model: posix
gcc version 4.8.1 (Ubuntu 4.8.1-2ubuntu1~12.04) 
configure:13306: $? = 0
configure:13295: gfortran -V >&5
gfortran: error: unrecognized command line option '-V'
gfortran: fatal error: no input files
compilation terminated.
configure:13306: $? = 4
configure:13295: gfortran -qversion >&5
gfortran: error: unrecognized command line option '-qversion'
gfortran: fatal error: no input files
compilation terminated.
configure:13306: $? = 4
configure:13315: checking whether we are using the GNU Fortran compiler
configure:13328: gfortran -c   conftest.F >&5
configure:13328: $? = 0
configure:13337: result: yes
configure:13343: checking whether gfortran accepts -g
configure:13354: gfortran -c -g  conftest.f >&5
configure:13354: $? = 0
configure:13362: result: yes
configure:13511: checking if libtool supports shared libraries
configure:13513: result: yes
configure:13516: checking whether to build shared libraries
configure:13536: result: no
configure:13539: checking whether to build static libraries
configure:13543: result: yes
configure:13577: gfortran -c -g -O2  conftest.f >&5
configure:13580: $? = 0
configure:14027: checking for gfortran option to produce PIC
configure:14034: result: -fPIC
configure:14042: checking if gfortran PIC flag -fPIC works
configure:14060: gfortran -c -g -O2 -fPIC  conftest.f >&5
configure:14064: $? = 0
configure:14077: result: yes
configure:14100: checking if gfortran static flag -static works
configure:14128: result: yes
configure:14140: checking if gfortran supports -c -o file.o
configure:14161: gfortran -c -g -O2 -o out/conftest2.o  conftest.f >&5
configure:14165: $? = 0
configure:14187: result: yes
configure:14192: checking if gfortran supports -c -o file.o
configure:14239: result: yes
configure:14269: checking whether the gfortran linker (/usr/bin/ld -m elf_x86_64) supports shared libraries
configure:15372: result: yes
configure:15513: checking dynamic linker characteristics
configure:16178: result: GNU/Linux ld.so
configure:16231: checking how to hardcode library paths into programs
configure:16256: result: immediate
configure:16302: checking for Fortran flag to compile .f90 files
configure:16322: gfortran -c -g -O2  conftest.f90 >&5
configure:16322: $? = 0
configure:16331: result: none
configure:16428: Using FCFLAGS="-pipe -O3 -funroll-loops -ffast-math -ffree-line-length-none"
configure:16442: checking whether /lib/cpp is usable for Fortran preprocessing
configure:16498: result: preprocessor mangles C++ style comment
configure:16442: checking whether /lib/cpp -ansi is usable for Fortran preprocessing
configure:16505: result: yes
configure:16526: checking how to get verbose linking output from gfortran
configure:16536: gfortran -c -pipe -O3 -funroll-loops -ffast-math -ffree-line-length-none  conftest.f90 >&5
configure:16536: $? = 0
configure:16554: gfortran -o conftest -pipe -O3 -funroll-loops -ffast-math -ffree-line-length-none -v conftest.f90
Using built-in specs.
Target: x86_64-linux-gnu
Thread model: posix
gcc version 4.8.1 (Ubuntu 4.8.1-2ubuntu1~12.04) 
 /usr/lib/gcc/x86_64-linux-gnu/4.8/f951 conftest.f90 -quiet -dumpbase conftest.f90 -mtune=generic -march=x86-64 -auxbase conftest -O3 -version -funroll-loops -ffast-math -ffree-line-length-none -fintrinsic-modules-path /usr/lib/gcc/x86_64-linux-gnu/4.8/finclude -o - |
 as -v --64 -o /tmp/cc5auXID.o
GNU assembler version 2.22 (x86_64-linux-gnu) using BFD version (GNU Binutils for Ubuntu) 2.22
GNU Fortran (Ubuntu 4.8.1-2ubuntu1~12.04) version 4.8.1 (x86_64-linux-gnu)
	compiled by GNU C version 4.8.1, GMP version 5.0.2, MPFR version 3.1.0-p3, MPC version 0.9
GGC heuristics: --param ggc-min-expand=98 --param ggc-min-heapsize=127441
GNU Fortran (Ubuntu 4.8.1-2ubuntu1~12.04) version 4.8.1 (x86_64-linux-gnu)
	compiled by GNU C version 4.8.1, GMP version 5.0.2, MPFR version 3.1.0-p3, MPC version 0.9
GGC heuristics: --param ggc-min-expand=98 --param ggc-min-heapsize=127441
Reading specs from /usr/lib/gcc/x86_64-linux-gnu/4.8/libgfortran.spec
rename spec lib to liborig
 /usr/lib/gcc/x86_64-linux-gnu/4.8/collect2 --sysroot=/ --build-id --eh-frame-hdr -m elf_x86_64 --hash-style=gnu --as-needed -dynamic-linker /lib64/ld-linux-x86-64.so.2 -z relro -o conftest /usr/lib/gcc/x86_64-linux-gnu/4.8/../../../x86_64-linux-gnu/crt1.o /usr/lib/gcc/x86_64-linux-gnu/4.8/../../../x86_64-linux-gnu/crti.o /usr/lib/gcc/x86_64-linux-gnu/4.8/crtbegin.o -L/usr/lib/gcc/x86_64-linux-gnu/4.8 -L/usr/lib/gcc/x86_64-linux-gnu/4.8/../../../x86_64-linux-gnu -L/usr/lib/gcc/x86_64-linux-gnu/4.8/../../../../lib -L/lib/x86_64-linux-gnu -L/lib/../lib -L/usr/lib/x86_64-linux-gnu -L/usr/lib/../lib -L/usr/lib/gcc/x86_64-linux-gnu/4.8/../../.. /tmp/cc5auXID.o -lgfortran -lm -lgcc_s -lgcc -lquadmath -lm -lgcc_s -lgcc -lc -lgcc_s -lgcc /usr/lib/gcc/x86_64-linux-gnu/4.8/crtfastmath.o /usr/lib/gcc/x86_64-linux-gnu/4.8/crtend.o /usr/lib/gcc/x86_64-linux-gnu/4.8/../../../x86_64-linux-gnu/crtn.o
configure:16637: result: -v
configure:16639: checking for Fortran libraries of gfortran
configure:16662: gfortran -o conftest -pipe -O3 -funroll-loops -ffast-math -ffree-line-length-none -v conftest.f90
Using built-in specs.
Target: x86_64-linux-gnu
Thread model: posix
gcc version 4.8.1 (Ubuntu 4.8.1-2ubuntu1~12.04) 
 /usr/lib/gcc/x86_64-linux-gnu/4.8/f951 conftest.f90 -quiet -dumpbase conftest.f90 -mtune=generic -march=x86-64 -auxbase conftest -O3 -version -funroll-loops -ffast-math -ffree-line-length-none -fintrinsic-modules-path /usr/lib/gcc/x86_64-linux-gnu/4.8/finclude -o - |
 as -v --64 -o /tmp/cc5t5VaP.o
GNU assembler version 2.22 (x86_64-linux-gnu) using BFD version (GNU Binutils for Ubuntu) 2.22
GNU Fortran (Ubuntu 4.8.1-2ubuntu1~12.04) version 4.8.1 (x86_64-linux-gnu)
	compiled by GNU C version 4.8.1, GMP version 5.0.2, MPFR version 3.1.0-p3, MPC version 0.9
GGC heuristics: --param ggc-min-expand=98 --param ggc-min-heapsize=127441
GNU Fortran (Ubuntu 4.8.1-2ubuntu1~12.04) version 4.8.1 (x86_64-linux-gnu)
	compiled by GNU C version 4.8.1, GMP version 5.0.2, MPFR version 3.1.0-p3, MPC version 0.9
GGC heuristics: --param ggc-min-expand=98 --param ggc-min-heapsize=127441
Reading specs from /usr/lib/gcc/x86_64-linux-gnu/4.8/libgfortran.spec
rename spec lib to liborig
 /usr/lib/gcc/x86_64-linux-gnu/4.8/collect2 --sysroot=/ --build-id --eh-frame-hdr -m elf_x86_64 --hash-style=gnu --as-needed -dynamic-linker /lib64/ld-linux-x86-64.so.2 -z relro -o conftest /usr/lib/gcc/x86_64-linux-gnu/4.8/../../../x86_64-linux-gnu/crt1.o /usr/lib/gcc/x86_64-linux-gnu/4.8/../../../x86_64-linux-gnu/crti.o /usr/lib/gcc/x86_64-linux-gnu/4.8/crtbegin.o -L/usr/lib/gcc/x86_64-linux-gnu/4.8 -L/usr/lib/gcc/x86_64-linux-gnu/4.8/../../../x86_64-linux-gnu -L/usr/lib/gcc/x86_64-linux-gnu/4.8/../../../../lib -L/lib/x86_64-linux-gnu -L/lib/../lib -L/usr/lib/x86_64-linux-gnu -L/usr/lib/../lib -L/usr/lib/gcc/x86_64-linux-gnu/4.8/../../.. /tmp/cc5t5VaP.o -lgfortran -lm -lgcc_s -lgcc -lquadmath -lm -lgcc_s -lgcc -lc -lgcc_s -lgcc /usr/lib/gcc/x86_64-linux-gnu/4.8/crtfastmath.o /usr/lib/gcc/x86_64-linux-gnu/4.8/crtend.o /usr/lib/gcc/x86_64-linux-gnu/4.8/../../../x86_64-linux-gnu/crtn.o
configure:16858: result:  -L/usr/lib/gcc/x86_64-linux-gnu/4.8 -L/usr/lib/gcc/x86_64-linux-gnu/4.8/../../../x86_64-linux-gnu -L/usr/lib/gcc/x86_64-linux-gnu/4.8/../../../../lib -L/lib/x86_64-linux-gnu -L/lib/../lib -L/usr/lib/x86_64-linux-gnu -L/usr/lib/../lib -L/usr/lib/gcc/x86_64-linux-gnu/4.8/../../.. -lgfortran -lm -lquadmath
configure:16873: checking for dummy main to link with Fortran libraries
configure:16907: gcc -o conftest -g -O2   conftest.c   -L/usr/lib/gcc/x86_64-linux-gnu/4.8 -L/usr/lib/gcc/x86_64-linux-gnu/4.8/../../../x86_64-linux-gnu -L/usr/lib/gcc/x86_64-linux-gnu/4.8/../../../../lib -L/lib/x86_64-linux-gnu -L/lib/../lib -L/usr/lib/x86_64-linux-gnu -L/usr/lib/../lib -L/usr/lib/gcc/x86_64-linux-gnu/4.8/../../.. -lgfortran -lm -lquadmath >&5
configure:16907: $? = 0
configure:16952: result: none
configure:16984: checking for Fortran name-mangling scheme
configure:16997: gfortran -c -pipe -O3 -funroll-loops -ffast-math -ffree-line-length-none  conftest.f90 >&5
configure:16997: $? = 0
configure:17038: gcc -o conftest -g -O2   conftest.c cfortran_test.o   -L/usr/lib/gcc/x86_64-linux-gnu/4.8 -L/usr/lib/gcc/x86_64-linux-gnu/4.8/../../../x86_64-linux-gnu -L/usr/lib/gcc/x86_64-linux-gnu/4.8/../../../../lib -L/lib/x86_64-linux-gnu -L/lib/../lib -L/usr/lib/x86_64-linux-gnu -L/usr/lib/../lib -L/usr/lib/gcc/x86_64-linux-gnu/4.8/../../.. -lgfortran -lm -lquadmath >&5
/tmp/cc56ocNL.o: In function `main':
/home/openkim/Downloads/libxc-2.2.2/conftest.c:51: undefined reference to `foobar'
collect2: error: ld returned 1 exit status
configure:17038: $? = 1
configure: failed program was:
| /* confdefs.h */
| #define PACKAGE_NAME "libxc"
| #define PACKAGE_TARNAME "libxc"
| #define PACKAGE_VERSION "2.2.2"
| #define PACKAGE_STRING "libxc 2.2.2"
| #define PACKAGE_BUGREPORT "libxc@tddft.org"
| #define PACKAGE_URL "http://www.tddft.org/programs/Libxc"
| #define PACKAGE "libxc"
| #define VERSION "2.2.2"
| #define STDC_HEADERS 1
| #define HAVE_SYS_TYPES_H 1
| #define HAVE_SYS_STAT_H 1
| #define HAVE_STDLIB_H 1
| #define HAVE_STRING_H 1
| #define HAVE_MEMORY_H 1
| #define HAVE_STRINGS_H 1
| #define HAVE_INTTYPES_H 1
| #define HAVE_STDINT_H 1
| #define HAVE_UNISTD_H 1
| #define HAVE_DLFCN_H 1
| #define LT_OBJDIR ".libs/"
| #define STDC_HEADERS 1
| #define HAVE_ALLOCA_H 1
| #define HAVE_ALLOCA 1
| #define SIZEOF_VOIDP 8
| #define HAVE_SQRTF 1
| #define HAVE_CBRT 1
| #define HAVE_CBRTF 1
| #define HAVE_FEENABLEEXCEPT 1
| #define HAVE_FORTRAN 1
| /* end confdefs.h.  */
| 
| /* Override any GCC internal prototype to avoid an error.
|    Use char because int might match the return type of a GCC
|    builtin and then its argument prototype would still apply.  */
| #ifdef __cplusplus
| extern "C"
| #endif
| char foobar ();
| #ifdef FC_DUMMY_MAIN
| #ifndef FC_DUMMY_MAIN_EQ_F77
| #  ifdef __cplusplus
|      extern "C"
| #  endif
|    int FC_DUMMY_MAIN() { return 1; }
| #endif
| #endif
| int
| main ()
| {
| return foobar ();
|   ;
|   return 0;
| }
configure:17038: gcc -o conftest -g -O2   conftest.c cfortran_test.o   -L/usr/lib/gcc/x86_64-linux-gnu/4.8 -L/usr/lib/gcc/x86_64-linux-gnu/4.8/../../../x86_64-linux-gnu -L/usr/lib/gcc/x86_64-linux-gnu/4.8/../../../../lib -L/lib/x86_64-linux-gnu -L/lib/../lib -L/usr/lib/x86_64-linux-gnu -L/usr/lib/../lib -L/usr/lib/gcc/x86_64-linux-gnu/4.8/../../.. -lgfortran -lm -lquadmath >&5
configure:17038: $? = 0
configure:17096: gcc -o conftest -g -O2   conftest.c cfortran_test.o   -L/usr/lib/gcc/x86_64-linux-gnu/4.8 -L/usr/lib/gcc/x86_64-linux-gnu/4.8/../../../x86_64-linux-gnu -L/usr/lib/gcc/x86_64-linux-gnu/4.8/../../../../lib -L/lib/x86_64-linux-gnu -L/lib/../lib -L/usr/lib/x86_64-linux-gnu -L/usr/lib/../lib -L/usr/lib/gcc/x86_64-linux-gnu/4.8/../../.. -lgfortran -lm -lquadmath >&5
configure:17096: $? = 0
configure:17138: result: lower case, underscore, no extra underscore
configure:17203: checking whether the compiler accepts very long lines
configure:17212: gfortran -c -pipe -O3 -funroll-loops -ffast-math -ffree-line-length-none  conftest.f90 >&5
configure:17212: $? = 0
configure:17222: result: yes
configure:17227: checking whether the compiler accepts "line-number" lines cast by the preprocessor
configure:17234: gfortran -c -pipe -O3 -funroll-loops -ffast-math -ffree-line-length-none  conftest.f90 >&5
configure:17234: $? = 0
configure:17245: result: yes
configure:17251: checking fortran 90 modules extension
configure:17277: gfortran -c -pipe -O3 -funroll-loops -ffast-math -ffree-line-length-none  conftest.f90 >&5
configure:17277: $? = 0
configure:17301: result: mod
configure:17308: checking for the size of a Fortran integer
configure:17334: gfortran -o conftest -pipe -O3 -funroll-loops -ffast-math -ffree-line-length-none   conftest.f90  >&5
configure:17334: $? = 0
configure:17334: ./conftest
configure:17334: $? = 0
configure:17346: result: 4 bytes
configure:17358: checking for which C type corresponds to Fortran integer
configure:17406: gcc -o conftest -g -O2   conftest.c  >&5
configure:17406: $? = 0
configure:17406: ./conftest
configure:17406: $? = 0
configure:17423: result: int
configure:17592: checking that generated files are newer than configure
configure:17598: result: done
configure:17641: creating ./config.status

## ---------------------- ##
## Running config.status. ##
## ---------------------- ##

This file was extended by libxc config.status 2.2.2, which was
generated by GNU Autoconf 2.69.  Invocation command line was

  CONFIG_FILES    = 
  CONFIG_HEADERS  = 
  CONFIG_LINKS    = 
  CONFIG_COMMANDS = 
  $ ./config.status 

on openkim-vm

config.status:1186: creating Makefile
config.status:1186: creating xc_version.h
config.status:1186: creating src/Makefile
config.status:1186: creating testsuite/Makefile
config.status:1186: creating build/Makefile
config.status:1186: creating build/libxc.pc
config.status:1186: creating build/libxc.spec
config.status:1186: creating config.h
config.status:1415: executing depfiles commands
config.status:1415: executing libtool commands

## ---------------- ##
## Cache variables. ##
## ---------------- ##

ac_cv_build=x86_64-unknown-linux-gnu
ac_cv_build_fortran=yes
ac_cv_c_compiler_gnu=yes
ac_cv_c_inline=inline
ac_cv_env_CC_set=
ac_cv_env_CC_value=
ac_cv_env_CFLAGS_set=
ac_cv_env_CFLAGS_value=
ac_cv_env_CPPFLAGS_set=
ac_cv_env_CPPFLAGS_value=
ac_cv_env_CPP_set=
ac_cv_env_CPP_value=
ac_cv_env_FCCPP_set=
ac_cv_env_FCCPP_value=
ac_cv_env_FCFLAGS_set=
ac_cv_env_FCFLAGS_value=
ac_cv_env_FC_set=
ac_cv_env_FC_value=
ac_cv_env_LDFLAGS_set=
ac_cv_env_LDFLAGS_value=
ac_cv_env_LIBS_set=
ac_cv_env_LIBS_value=
ac_cv_env_build_alias_set=
ac_cv_env_build_alias_value=
ac_cv_env_host_alias_set=
ac_cv_env_host_alias_value=
ac_cv_env_target_alias_set=
ac_cv_env_target_alias_value=
ac_cv_fc_compiler_gnu=yes
ac_cv_fc_dummy_main=none
ac_cv_fc_libs=' -L/usr/lib/gcc/x86_64-linux-gnu/4.8 -L/usr/lib/gcc/x86_64-linux-gnu/4.8/../../../x86_64-linux-gnu -L/usr/lib/gcc/x86_64-linux-gnu/4.8/../../../../lib -L/lib/x86_64-linux-gnu -L/lib/../lib -L/usr/lib/x86_64-linux-gnu -L/usr/lib/../lib -L/usr/lib/gcc/x86_64-linux-gnu/4.8/../../.. -lgfortran -lm -lquadmath'
ac_cv_fc_mangling='lower case, underscore, no extra underscore'
ac_cv_fc_srcext_f90=none
ac_cv_fortran_dummy_main=none
ac_cv_func_alloca_works=yes
ac_cv_header_dlfcn_h=yes
ac_cv_header_inttypes_h=yes
ac_cv_header_memory_h=yes
ac_cv_header_stdc=yes
ac_cv_header_stdint_h=yes
ac_cv_header_stdlib_h=yes
ac_cv_header_string_h=yes
ac_cv_header_strings_h=yes
ac_cv_header_sys_stat_h=yes
ac_cv_header_sys_types_h=yes
ac_cv_header_unistd_h=yes
ac_cv_host=x86_64-unknown-linux-gnu
ac_cv_lib_m_cbrt=yes
ac_cv_lib_m_cbrtf=yes
ac_cv_lib_m_feenableexcept=yes
ac_cv_lib_m_sqrtf=yes
ac_cv_objext=o
ac_cv_path_EGREP='/bin/grep -E'
ac_cv_path_FGREP='/bin/grep -F'
ac_cv_path_GREP=/bin/grep
ac_cv_path_SED=/bin/sed
ac_cv_path_install='/usr/bin/install -c'
ac_cv_path_mkdir=/bin/mkdir
ac_cv_prog_AWK=mawk
ac_cv_prog_CPP='gcc -E'
ac_cv_prog_ac_ct_AR=ar
ac_cv_prog_ac_ct_CC=gcc
ac_cv_prog_ac_ct_FC=gfortran
ac_cv_prog_ac_ct_MANIFEST_TOOL=mt
ac_cv_prog_ac_ct_OBJDUMP=objdump
ac_cv_prog_ac_ct_RANLIB=ranlib
ac_cv_prog_ac_ct_STRIP=strip
ac_cv_prog_cc_c89=
ac_cv_prog_cc_g=yes
ac_cv_prog_cc_gcc_c_o=yes
ac_cv_prog_fc_g=yes
ac_cv_prog_fc_v=-v
ac_cv_prog_make_make_set=yes
ac_cv_single_prec=no
ac_cv_sizeof_voidp=8
ac_cv_type_size_t=yes
ac_cv_working_alloca_h=yes
am_cv_CC_dependencies_compiler_type=gcc3
am_cv_make_support_nested_variables=yes
ax_cv_f90_modext=mod
lt_cv_ar_at_file=@
lt_cv_deplibs_check_method=pass_all
lt_cv_file_magic_cmd='$MAGIC_CMD'
lt_cv_file_magic_test_file=
lt_cv_ld_reload_flag=-r
lt_cv_nm_interface='BSD nm'
lt_cv_objdir=.libs
lt_cv_path_LD=/usr/bin/ld
lt_cv_path_NM='/usr/bin/nm -B'
lt_cv_path_mainfest_tool=no
lt_cv_prog_compiler_c_o=yes
lt_cv_prog_compiler_c_o_FC=yes
lt_cv_prog_compiler_pic='-fPIC -DPIC'
lt_cv_prog_compiler_pic_FC=-fPIC
lt_cv_prog_compiler_pic_works=yes
lt_cv_prog_compiler_pic_works_FC=yes
lt_cv_prog_compiler_rtti_exceptions=no
lt_cv_prog_compiler_static_works=yes
lt_cv_prog_compiler_static_works_FC=yes
lt_cv_prog_gnu_ld=yes
lt_cv_sharedlib_from_linklib_cmd='printf %s\n'
lt_cv_shlibpath_overrides_runpath=no
lt_cv_sys_global_symbol_pipe='sed -n -e '\''s/^.*[	 ]\([ABCDGIRSTW][ABCDGIRSTW]*\)[	 ][	 ]*\([_A-Za-z][_A-Za-z0-9]*\)$/\1 \2 \2/p'\'' | sed '\''/ __gnu_lto/d'\'''
lt_cv_sys_global_symbol_to_c_name_address='sed -n -e '\''s/^: \([^ ]*\)[ ]*$/  {\"\1\", (void *) 0},/p'\'' -e '\''s/^[ABCDGIRSTW]* \([^ ]*\) \([^ ]*\)$/  {"\2", (void *) \&\2},/p'\'''
lt_cv_sys_global_symbol_to_c_name_address_lib_prefix='sed -n -e '\''s/^: \([^ ]*\)[ ]*$/  {\"\1\", (void *) 0},/p'\'' -e '\''s/^[ABCDGIRSTW]* \([^ ]*\) \(lib[^ ]*\)$/  {"\2", (void *) \&\2},/p'\'' -e '\''s/^[ABCDGIRSTW]* \([^ ]*\) \([^ ]*\)$/  {"lib\2", (void *) \&\2},/p'\'''
lt_cv_sys_global_symbol_to_cdecl='sed -n -e '\''s/^T .* \(.*\)$/extern int \1();/p'\'' -e '\''s/^[ABCDGIRSTW]* .* \(.*\)$/extern char \1;/p'\'''
lt_cv_sys_max_cmd_len=1572864
lt_cv_to_host_file_cmd=func_convert_file_noop
lt_cv_to_tool_file_cmd=func_convert_file_noop

## ----------------- ##
## Output variables. ##
## ----------------- ##

ACLOCAL='${SHELL} /home/openkim/Downloads/libxc-2.2.2/missing aclocal-1.13'
ALLOCA=''
AMDEPBACKSLASH='\'
AMDEP_FALSE='#'
AMDEP_TRUE=''
AMTAR='$${TAR-tar}'
AM_BACKSLASH='\'
AM_DEFAULT_V='$(AM_DEFAULT_VERBOSITY)'
AM_DEFAULT_VERBOSITY='1'
AM_V='$(V)'
AR='ar'
AUTOCONF='${SHELL} /home/openkim/Downloads/libxc-2.2.2/missing autoconf'
AUTOHEADER='${SHELL} /home/openkim/Downloads/libxc-2.2.2/missing autoheader'
AUTOMAKE='${SHELL} /home/openkim/Downloads/libxc-2.2.2/missing automake-1.13'
AWK='mawk'
CC='gcc'
CCDEPMODE='depmode=gcc3'
CFLAGS='-g -O2'
COMPILE_FORTRAN_FALSE='#'
COMPILE_FORTRAN_TRUE=''
COMPILE_SINGLE_FALSE=''
COMPILE_SINGLE_TRUE='#'
CPP='gcc -E'
CPPFLAGS=''
CYGPATH_W='echo'
DEFS='-DHAVE_CONFIG_H'
DEPDIR='.deps'
DLLTOOL='false'
DSYMUTIL=''
DUMPBIN=''
ECHO_C=''
ECHO_N='-n'
ECHO_T=''
EGREP='/bin/grep -E'
ENABLE_FORTRAN_FALSE='#'
ENABLE_FORTRAN_TRUE=''
EXEEXT=''
F90_ACCEPTS_LINE_NUMBERS='yes'
F90_MOD_UPPERCASE_FALSE=''
F90_MOD_UPPERCASE_TRUE='#'
FC='gfortran'
FCCPP='/lib/cpp -ansi'
FCFLAGS='-pipe -O3 -funroll-loops -ffast-math -ffree-line-length-none'
FCFLAGS_f90=''
FCLIBS=' -L/usr/lib/gcc/x86_64-linux-gnu/4.8 -L/usr/lib/gcc/x86_64-linux-gnu/4.8/../../../x86_64-linux-gnu -L/usr/lib/gcc/x86_64-linux-gnu/4.8/../../../../lib -L/lib/x86_64-linux-gnu -L/lib/../lib -L/usr/lib/x86_64-linux-gnu -L/usr/lib/../lib -L/usr/lib/gcc/x86_64-linux-gnu/4.8/../../.. -lgfortran -lm -lquadmath'
FGREP='/bin/grep -F'
GREP='/bin/grep'
INSTALL_DATA='${INSTALL} -m 644'
INSTALL_PROGRAM='${INSTALL}'
INSTALL_SCRIPT='${INSTALL}'
INSTALL_STRIP_PROGRAM='$(install_sh) -c -s'
LD='/usr/bin/ld -m elf_x86_64'
LDFLAGS=''
LIBOBJS=''
LIBS=''
LIBTOOL='$(SHELL) $(top_builddir)/libtool'
LIPO=''
LN_S='ln -s'
LONG_LINES='yes'
LTLIBOBJS=''
MAKEINFO='${SHELL} /home/openkim/Downloads/libxc-2.2.2/missing makeinfo'
MANIFEST_TOOL=':'
MKDIR_P='/bin/mkdir -p'
NM='/usr/bin/nm -B'
NMEDIT=''
OBJDUMP='objdump'
OBJEXT='o'
OTOOL64=''
OTOOL=''
PACKAGE='libxc'
PACKAGE_BUGREPORT='libxc@tddft.org'
PACKAGE_NAME='libxc'
PACKAGE_STRING='libxc 2.2.2'
PACKAGE_TARNAME='libxc'
PACKAGE_URL='http://www.tddft.org/programs/Libxc'
PACKAGE_VERSION='2.2.2'
PATH_SEPARATOR=':'
RANLIB='ranlib'
SED='/bin/sed'
SET_MAKE=''
SHELL='/bin/bash'
STRIP='strip'
VERSION='2.2.2'
XC_LT_VERSION='3:2:0'
XC_MAJOR_VERSION='2'
XC_MINOR_VERSION='2'
ac_ct_AR='ar'
ac_ct_CC='gcc'
ac_ct_DUMPBIN=''
ac_ct_FC='gfortran'
am__EXEEXT_FALSE=''
am__EXEEXT_TRUE='#'
am__fastdepCC_FALSE='#'
am__fastdepCC_TRUE=''
am__include='include'
am__isrc=''
am__leading_dot='.'
am__nodep='_no'
am__quote=''
am__tar='$${TAR-tar} chof - "$$tardir"'
am__untar='$${TAR-tar} xf -'
ax_cv_f90_modext='mod'
bindir='${exec_prefix}/bin'
build='x86_64-unknown-linux-gnu'
build_alias=''
build_cpu='x86_64'
build_os='linux-gnu'
build_vendor='unknown'
datadir='${datarootdir}'
datarootdir='${prefix}/share'
docdir='${datarootdir}/doc/${PACKAGE_TARNAME}'
dvidir='${docdir}'
exec_prefix='${prefix}'
host='x86_64-unknown-linux-gnu'
host_alias=''
host_cpu='x86_64'
host_os='linux-gnu'
host_vendor='unknown'
htmldir='${docdir}'
includedir='${prefix}/include'
infodir='${datarootdir}/info'
install_sh='${SHELL} /home/openkim/Downloads/libxc-2.2.2/install-sh'
libdir='${exec_prefix}/lib'
libexecdir='${exec_prefix}/libexec'
localedir='${datarootdir}/locale'
localstatedir='${prefix}/var'
mandir='${datarootdir}/man'
mkdir_p='$(MKDIR_P)'
oldincludedir='/usr/include'
pdfdir='${docdir}'
prefix='/opt/etsf'
program_transform_name='s,x,x,'
psdir='${docdir}'
sbindir='${exec_prefix}/sbin'
sharedstatedir='${prefix}/com'
sysconfdir='${prefix}/etc'
target_alias=''

## ----------- ##
## confdefs.h. ##
## ----------- ##

/* confdefs.h */
#define PACKAGE_NAME "libxc"
#define PACKAGE_TARNAME "libxc"
#define PACKAGE_VERSION "2.2.2"
#define PACKAGE_STRING "libxc 2.2.2"
#define PACKAGE_BUGREPORT "libxc@tddft.org"
#define PACKAGE_URL "http://www.tddft.org/programs/Libxc"
#define PACKAGE "libxc"
#define VERSION "2.2.2"
#define STDC_HEADERS 1
#define HAVE_SYS_TYPES_H 1
#define HAVE_SYS_STAT_H 1
#define HAVE_STDLIB_H 1
#define HAVE_STRING_H 1
#define HAVE_MEMORY_H 1
#define HAVE_STRINGS_H 1
#define HAVE_INTTYPES_H 1
#define HAVE_STDINT_H 1
#define HAVE_UNISTD_H 1
#define HAVE_DLFCN_H 1
#define LT_OBJDIR ".libs/"
#define STDC_HEADERS 1
#define HAVE_ALLOCA_H 1
#define HAVE_ALLOCA 1
#define SIZEOF_VOIDP 8
#define HAVE_SQRTF 1
#define HAVE_CBRT 1
#define HAVE_CBRTF 1
#define HAVE_FEENABLEEXCEPT 1
#define HAVE_FORTRAN 1
#define FC_FUNC(name,NAME) name ## _
#define FC_FUNC_(name,NAME) name ## _
#define LONG_LINES 1
#define F90_ACCEPTS_LINE_NUMBERS 1
#define FC_INTEGER_SIZE 4
#define CC_FORTRAN_INT int

configure: exit 0
